Release 13.1 - ngc2edif O.40d (nt64)
Copyright (c) 1995-2011 Xilinx, Inc.  All rights reserved.
Reading design MIPS_PROCESSOR.ngc ...
WARNING:NetListWriters:298 - No output is written to MIPS_PROCESSOR.xncf,
   ignored.
Processing design ...
   Preping design's networks ...
   Preping design's macros ...
  finished :Prep
Writing EDIF netlist file MIPS_PROCESSOR.edif ...
ngc2edif: Total memory usage is 70092 kilobytes

Release 13.1 - ngc2edif O.40d (nt64)
Copyright (c) 1995-2011 Xilinx, Inc.  All rights reserved.
Reading design IMem.ngc ...
WARNING:NetListWriters:298 - No output is written to IMem.xncf, ignored.
Processing design ...
   Preping design's networks ...
   Preping design's macros ...
  finished :Prep
Writing EDIF netlist file IMem.edif ...
ngc2edif: Total memory usage is 70092 kilobytes

